
NO CHANGES FOUND


ALL TAGS
--------

U:/gdrs/data/pub/us_mn_state_dnr/bdry_wild_and_scenic_river_admin/metadata/metadata.xml tags:
/metadata
/metadata/idinfo
/metadata/idinfo/citation
/metadata/idinfo/citation/citeinfo
/metadata/idinfo/citation/citeinfo/origin
/metadata/idinfo/citation/citeinfo/pubdate
/metadata/idinfo/citation/citeinfo/title
/metadata/idinfo/citation/citeinfo/mgmg1cid
/metadata/idinfo/citation/citeinfo/pubinfo
/metadata/idinfo/citation/citeinfo/pubinfo/publish
/metadata/idinfo/citation/citeinfo/onlink
/metadata/idinfo/descript
/metadata/idinfo/descript/abstract
/metadata/idinfo/descript/purpose
/metadata/idinfo/descript/supplinf
/metadata/idinfo/timeperd
/metadata/idinfo/timeperd/timeinfo
/metadata/idinfo/timeperd/timeinfo/sngdate
/metadata/idinfo/timeperd/timeinfo/sngdate/caldate
/metadata/idinfo/timeperd/current
/metadata/idinfo/status
/metadata/idinfo/status/progress
/metadata/idinfo/status/update
/metadata/idinfo/spdom
/metadata/idinfo/spdom/bounding
/metadata/idinfo/spdom/bounding/westbc
/metadata/idinfo/spdom/bounding/eastbc
/metadata/idinfo/spdom/bounding/northbc
/metadata/idinfo/spdom/bounding/southbc
/metadata/idinfo/keywords
/metadata/idinfo/keywords/theme
/metadata/idinfo/keywords/theme/themekey
/metadata/idinfo/keywords/place
/metadata/idinfo/keywords/place/placekey
/metadata/idinfo/accconst
/metadata/idinfo/useconst
/metadata/idinfo/ptcontac
/metadata/idinfo/ptcontac/cntinfo
/metadata/idinfo/ptcontac/cntinfo/cntperp
/metadata/idinfo/ptcontac/cntinfo/cntperp/cntper
/metadata/idinfo/ptcontac/cntinfo/cntperp/cntorg
/metadata/idinfo/ptcontac/cntinfo/cntpos
/metadata/idinfo/ptcontac/cntinfo/cntaddr
/metadata/idinfo/ptcontac/cntinfo/cntaddr/addrtype
/metadata/idinfo/ptcontac/cntinfo/cntaddr/address
/metadata/idinfo/ptcontac/cntinfo/cntaddr/city
/metadata/idinfo/ptcontac/cntinfo/cntaddr/state
/metadata/idinfo/ptcontac/cntinfo/cntaddr/postal
/metadata/idinfo/ptcontac/cntinfo/cntvoice
/metadata/idinfo/ptcontac/cntinfo/cntfax
/metadata/idinfo/ptcontac/cntinfo/cntemail
/metadata/idinfo/browse
/metadata/idinfo/browse/browsen
/metadata/idinfo/browse/browsed
/metadata/idinfo/native
/metadata/idinfo/crossref
/metadata/idinfo/crossref/citeinfo
/metadata/idinfo/crossref/citeinfo/title
/metadata/dataqual
/metadata/dataqual/attracc
/metadata/dataqual/attracc/attraccr
/metadata/dataqual/logic
/metadata/dataqual/complete
/metadata/dataqual/posacc
/metadata/dataqual/posacc/horizpa
/metadata/dataqual/posacc/horizpa/horizpar
/metadata/dataqual/posacc/vertacc
/metadata/dataqual/posacc/vertacc/vertaccr
/metadata/dataqual/lineage
/metadata/dataqual/lineage/srcinfo
/metadata/dataqual/lineage/srcinfo/srcscale
/metadata/dataqual/lineage/procstep
/metadata/dataqual/lineage/procstep/procdesc
/metadata/spdoinfo
/metadata/spdoinfo/indspref
/metadata/spdoinfo/direct
/metadata/spdoinfo/mgmg3obj
/metadata/spdoinfo/mgmg3til
/metadata/spref
/metadata/spref/horizsys
/metadata/spref/horizsys/geograph
/metadata/spref/horizsys/geograph/latres
/metadata/spref/horizsys/geograph/longres
/metadata/spref/horizsys/planar
/metadata/spref/horizsys/planar/mapproj
/metadata/spref/horizsys/planar/mapproj/mapprojn
/metadata/spref/horizsys/planar/mapproj/mgmg4par
/metadata/spref/horizsys/planar/mapproj/otherprj
/metadata/spref/horizsys/planar/gridsys
/metadata/spref/horizsys/planar/gridsys/gridsysn
/metadata/spref/horizsys/planar/gridsys/utm
/metadata/spref/horizsys/planar/gridsys/utm/utmzone
/metadata/spref/horizsys/planar/gridsys/spcs
/metadata/spref/horizsys/planar/gridsys/spcs/spcszone
/metadata/spref/horizsys/planar/gridsys/mgmg4coz
/metadata/spref/horizsys/planar/gridsys/mgmg4adj
/metadata/spref/horizsys/planar/planci
/metadata/spref/horizsys/planar/planci/coordrep
/metadata/spref/horizsys/planar/planci/coordrep/absres
/metadata/spref/horizsys/planar/planci/coordrep/ordres
/metadata/spref/horizsys/planar/planci/distbrep
/metadata/spref/horizsys/planar/planci/distbrep/distres
/metadata/spref/horizsys/planar/planci/plandu
/metadata/spref/horizsys/geodetic
/metadata/spref/horizsys/geodetic/horizdn
/metadata/spref/horizsys/geodetic/ellips
/metadata/spref/vertdef
/metadata/spref/vertdef/altsys
/metadata/spref/vertdef/altsys/altdatum
/metadata/spref/vertdef/altsys/altunits
/metadata/spref/vertdef/depthsys
/metadata/spref/vertdef/depthsys/depthdn
/metadata/spref/vertdef/depthsys/depthdu
/metadata/eainfo
/metadata/eainfo/overview
/metadata/eainfo/overview/eaover
/metadata/eainfo/overview/eadetcit
/metadata/distinfo
/metadata/distinfo/distrib
/metadata/distinfo/distrib/cntinfo
/metadata/distinfo/distrib/cntinfo/cntperp
/metadata/distinfo/distrib/cntinfo/cntperp/cntper
/metadata/distinfo/distrib/cntinfo/cntperp/cntorg
/metadata/distinfo/distrib/cntinfo/cntpos
/metadata/distinfo/distrib/cntinfo/cntaddr
/metadata/distinfo/distrib/cntinfo/cntaddr/addrtype
/metadata/distinfo/distrib/cntinfo/cntaddr/address
/metadata/distinfo/distrib/cntinfo/cntaddr/city
/metadata/distinfo/distrib/cntinfo/cntaddr/state
/metadata/distinfo/distrib/cntinfo/cntaddr/postal
/metadata/distinfo/distrib/cntinfo/cntvoice
/metadata/distinfo/distrib/cntinfo/cntfax
/metadata/distinfo/distrib/cntinfo/cntemail
/metadata/distinfo/resdesc
/metadata/distinfo/distliab
/metadata/distinfo/stdorder
/metadata/distinfo/stdorder/digform
/metadata/distinfo/stdorder/digform/digtinfo
/metadata/distinfo/stdorder/digform/digtinfo/formname
/metadata/distinfo/stdorder/digform/digtinfo/formvern
/metadata/distinfo/stdorder/digform/digtinfo/transize
/metadata/distinfo/stdorder/ordering
/metadata/metainfo
/metadata/metainfo/metd
/metadata/metainfo/metc
/metadata/metainfo/metc/cntinfo
/metadata/metainfo/metc/cntinfo/cntperp
/metadata/metainfo/metc/cntinfo/cntperp/cntper
/metadata/metainfo/metc/cntinfo/cntperp/cntorg
/metadata/metainfo/metc/cntinfo/cntpos
/metadata/metainfo/metc/cntinfo/cntaddr
/metadata/metainfo/metc/cntinfo/cntaddr/addrtype
/metadata/metainfo/metc/cntinfo/cntaddr/address
/metadata/metainfo/metc/cntinfo/cntaddr/city
/metadata/metainfo/metc/cntinfo/cntaddr/state
/metadata/metainfo/metc/cntinfo/cntaddr/postal
/metadata/metainfo/metc/cntinfo/cntvoice
/metadata/metainfo/metc/cntinfo/cntfax
/metadata/metainfo/metc/cntinfo/cntemail
/metadata/metainfo/metstdn
/metadata/metainfo/metstdv
/metadata/metainfo/metextns
/metadata/metainfo/metextns/onlink

V:/gdrs/data/pub/us_mn_state_dnr/bdry_wild_and_scenic_river_admin/metadata/metadata.xml tags:
/metadata
/metadata/idinfo
/metadata/idinfo/citation
/metadata/idinfo/citation/citeinfo
/metadata/idinfo/citation/citeinfo/origin
/metadata/idinfo/citation/citeinfo/pubdate
/metadata/idinfo/citation/citeinfo/title
/metadata/idinfo/citation/citeinfo/mgmg1cid
/metadata/idinfo/citation/citeinfo/pubinfo
/metadata/idinfo/citation/citeinfo/pubinfo/publish
/metadata/idinfo/citation/citeinfo/onlink
/metadata/idinfo/descript
/metadata/idinfo/descript/abstract
/metadata/idinfo/descript/purpose
/metadata/idinfo/descript/supplinf
/metadata/idinfo/timeperd
/metadata/idinfo/timeperd/timeinfo
/metadata/idinfo/timeperd/timeinfo/sngdate
/metadata/idinfo/timeperd/timeinfo/sngdate/caldate
/metadata/idinfo/timeperd/current
/metadata/idinfo/status
/metadata/idinfo/status/progress
/metadata/idinfo/status/update
/metadata/idinfo/spdom
/metadata/idinfo/spdom/bounding
/metadata/idinfo/spdom/bounding/westbc
/metadata/idinfo/spdom/bounding/eastbc
/metadata/idinfo/spdom/bounding/northbc
/metadata/idinfo/spdom/bounding/southbc
/metadata/idinfo/keywords
/metadata/idinfo/keywords/theme
/metadata/idinfo/keywords/theme/themekey
/metadata/idinfo/keywords/place
/metadata/idinfo/keywords/place/placekey
/metadata/idinfo/accconst
/metadata/idinfo/useconst
/metadata/idinfo/ptcontac
/metadata/idinfo/ptcontac/cntinfo
/metadata/idinfo/ptcontac/cntinfo/cntperp
/metadata/idinfo/ptcontac/cntinfo/cntperp/cntper
/metadata/idinfo/ptcontac/cntinfo/cntperp/cntorg
/metadata/idinfo/ptcontac/cntinfo/cntpos
/metadata/idinfo/ptcontac/cntinfo/cntaddr
/metadata/idinfo/ptcontac/cntinfo/cntaddr/addrtype
/metadata/idinfo/ptcontac/cntinfo/cntaddr/address
/metadata/idinfo/ptcontac/cntinfo/cntaddr/city
/metadata/idinfo/ptcontac/cntinfo/cntaddr/state
/metadata/idinfo/ptcontac/cntinfo/cntaddr/postal
/metadata/idinfo/ptcontac/cntinfo/cntvoice
/metadata/idinfo/ptcontac/cntinfo/cntfax
/metadata/idinfo/ptcontac/cntinfo/cntemail
/metadata/idinfo/browse
/metadata/idinfo/browse/browsen
/metadata/idinfo/browse/browsed
/metadata/idinfo/native
/metadata/idinfo/crossref
/metadata/idinfo/crossref/citeinfo
/metadata/idinfo/crossref/citeinfo/title
/metadata/dataqual
/metadata/dataqual/attracc
/metadata/dataqual/attracc/attraccr
/metadata/dataqual/logic
/metadata/dataqual/complete
/metadata/dataqual/posacc
/metadata/dataqual/posacc/horizpa
/metadata/dataqual/posacc/horizpa/horizpar
/metadata/dataqual/posacc/vertacc
/metadata/dataqual/posacc/vertacc/vertaccr
/metadata/dataqual/lineage
/metadata/dataqual/lineage/srcinfo
/metadata/dataqual/lineage/srcinfo/srcscale
/metadata/dataqual/lineage/procstep
/metadata/dataqual/lineage/procstep/procdesc
/metadata/spdoinfo
/metadata/spdoinfo/indspref
/metadata/spdoinfo/direct
/metadata/spdoinfo/mgmg3obj
/metadata/spdoinfo/mgmg3til
/metadata/spref
/metadata/spref/horizsys
/metadata/spref/horizsys/geograph
/metadata/spref/horizsys/geograph/latres
/metadata/spref/horizsys/geograph/longres
/metadata/spref/horizsys/planar
/metadata/spref/horizsys/planar/mapproj
/metadata/spref/horizsys/planar/mapproj/mapprojn
/metadata/spref/horizsys/planar/mapproj/mgmg4par
/metadata/spref/horizsys/planar/mapproj/otherprj
/metadata/spref/horizsys/planar/gridsys
/metadata/spref/horizsys/planar/gridsys/gridsysn
/metadata/spref/horizsys/planar/gridsys/utm
/metadata/spref/horizsys/planar/gridsys/utm/utmzone
/metadata/spref/horizsys/planar/gridsys/spcs
/metadata/spref/horizsys/planar/gridsys/spcs/spcszone
/metadata/spref/horizsys/planar/gridsys/mgmg4coz
/metadata/spref/horizsys/planar/gridsys/mgmg4adj
/metadata/spref/horizsys/planar/planci
/metadata/spref/horizsys/planar/planci/coordrep
/metadata/spref/horizsys/planar/planci/coordrep/absres
/metadata/spref/horizsys/planar/planci/coordrep/ordres
/metadata/spref/horizsys/planar/planci/distbrep
/metadata/spref/horizsys/planar/planci/distbrep/distres
/metadata/spref/horizsys/planar/planci/plandu
/metadata/spref/horizsys/geodetic
/metadata/spref/horizsys/geodetic/horizdn
/metadata/spref/horizsys/geodetic/ellips
/metadata/spref/vertdef
/metadata/spref/vertdef/altsys
/metadata/spref/vertdef/altsys/altdatum
/metadata/spref/vertdef/altsys/altunits
/metadata/spref/vertdef/depthsys
/metadata/spref/vertdef/depthsys/depthdn
/metadata/spref/vertdef/depthsys/depthdu
/metadata/eainfo
/metadata/eainfo/overview
/metadata/eainfo/overview/eaover
/metadata/eainfo/overview/eadetcit
/metadata/distinfo
/metadata/distinfo/distrib
/metadata/distinfo/distrib/cntinfo
/metadata/distinfo/distrib/cntinfo/cntperp
/metadata/distinfo/distrib/cntinfo/cntperp/cntper
/metadata/distinfo/distrib/cntinfo/cntperp/cntorg
/metadata/distinfo/distrib/cntinfo/cntpos
/metadata/distinfo/distrib/cntinfo/cntaddr
/metadata/distinfo/distrib/cntinfo/cntaddr/addrtype
/metadata/distinfo/distrib/cntinfo/cntaddr/address
/metadata/distinfo/distrib/cntinfo/cntaddr/city
/metadata/distinfo/distrib/cntinfo/cntaddr/state
/metadata/distinfo/distrib/cntinfo/cntaddr/postal
/metadata/distinfo/distrib/cntinfo/cntvoice
/metadata/distinfo/distrib/cntinfo/cntfax
/metadata/distinfo/distrib/cntinfo/cntemail
/metadata/distinfo/resdesc
/metadata/distinfo/distliab
/metadata/distinfo/stdorder
/metadata/distinfo/stdorder/digform
/metadata/distinfo/stdorder/digform/digtinfo
/metadata/distinfo/stdorder/digform/digtinfo/formname
/metadata/distinfo/stdorder/digform/digtinfo/formvern
/metadata/distinfo/stdorder/digform/digtinfo/transize
/metadata/distinfo/stdorder/ordering
/metadata/metainfo
/metadata/metainfo/metd
/metadata/metainfo/metc
/metadata/metainfo/metc/cntinfo
/metadata/metainfo/metc/cntinfo/cntperp
/metadata/metainfo/metc/cntinfo/cntperp/cntper
/metadata/metainfo/metc/cntinfo/cntperp/cntorg
/metadata/metainfo/metc/cntinfo/cntpos
/metadata/metainfo/metc/cntinfo/cntaddr
/metadata/metainfo/metc/cntinfo/cntaddr/addrtype
/metadata/metainfo/metc/cntinfo/cntaddr/address
/metadata/metainfo/metc/cntinfo/cntaddr/city
/metadata/metainfo/metc/cntinfo/cntaddr/state
/metadata/metainfo/metc/cntinfo/cntaddr/postal
/metadata/metainfo/metc/cntinfo/cntvoice
/metadata/metainfo/metc/cntinfo/cntfax
/metadata/metainfo/metc/cntinfo/cntemail
/metadata/metainfo/metstdn
/metadata/metainfo/metstdv
/metadata/metainfo/metextns
/metadata/metainfo/metextns/onlink

